Determining if the include file FL/Fl.H exists failed with the following output:
Change Dir: /home/f1tenthteam2/pleasework/build_isolated/navfn/CMakeFiles/CMakeTmp

Run Build Command(s):/usr/bin/gmake -f Makefile cmTC_d8dea/fast && /usr/bin/gmake  -f CMakeFiles/cmTC_d8dea.dir/build.make CMakeFiles/cmTC_d8dea.dir/build
gmake[1]: Entering directory '/home/f1tenthteam2/pleasework/build_isolated/navfn/CMakeFiles/CMakeTmp'
Building CXX object CMakeFiles/cmTC_d8dea.dir/CheckIncludeFile.cxx.o
/usr/bin/c++    -o CMakeFiles/cmTC_d8dea.dir/CheckIncludeFile.cxx.o -c /home/f1tenthteam2/pleasework/build_isolated/navfn/CMakeFiles/CMakeTmp/CheckIncludeFile.cxx
/home/f1tenthteam2/pleasework/build_isolated/navfn/CMakeFiles/CMakeTmp/CheckIncludeFile.cxx:1:10: fatal error: FL/Fl.H: No such file or directory
    1 | #include <FL/Fl.H>
      |          ^~~~~~~~~
compilation terminated.
gmake[1]: *** [CMakeFiles/cmTC_d8dea.dir/build.make:78: CMakeFiles/cmTC_d8dea.dir/CheckIncludeFile.cxx.o] Error 1
gmake[1]: Leaving directory '/home/f1tenthteam2/pleasework/build_isolated/navfn/CMakeFiles/CMakeTmp'
gmake: *** [Makefile:127: cmTC_d8dea/fast] Error 2



Determining if the include file pgm.h exists failed with the following output:
Change Dir: /home/f1tenthteam2/pleasework/build_isolated/navfn/CMakeFiles/CMakeTmp

Run Build Command(s):/usr/bin/gmake -f Makefile cmTC_169cc/fast && /usr/bin/gmake  -f CMakeFiles/cmTC_169cc.dir/build.make CMakeFiles/cmTC_169cc.dir/build
gmake[1]: Entering directory '/home/f1tenthteam2/pleasework/build_isolated/navfn/CMakeFiles/CMakeTmp'
Building CXX object CMakeFiles/cmTC_169cc.dir/CheckIncludeFile.cxx.o
/usr/bin/c++    -o CMakeFiles/cmTC_169cc.dir/CheckIncludeFile.cxx.o -c /home/f1tenthteam2/pleasework/build_isolated/navfn/CMakeFiles/CMakeTmp/CheckIncludeFile.cxx
/home/f1tenthteam2/pleasework/build_isolated/navfn/CMakeFiles/CMakeTmp/CheckIncludeFile.cxx:1:10: fatal error: pgm.h: No such file or directory
    1 | #include <pgm.h>
      |          ^~~~~~~
compilation terminated.
gmake[1]: *** [CMakeFiles/cmTC_169cc.dir/build.make:78: CMakeFiles/cmTC_169cc.dir/CheckIncludeFile.cxx.o] Error 1
gmake[1]: Leaving directory '/home/f1tenthteam2/pleasework/build_isolated/navfn/CMakeFiles/CMakeTmp'
gmake: *** [Makefile:127: cmTC_169cc/fast] Error 2



