Determining if the function trunc exists failed with the following output:
Change Dir: /home/f1tenthteam2/pleasework/build_isolated/roscpp/CMakeFiles/CMakeTmp

Run Build Command(s):/usr/bin/gmake -f Makefile cmTC_e79e3/fast && /usr/bin/gmake  -f CMakeFiles/cmTC_e79e3.dir/build.make CMakeFiles/cmTC_e79e3.dir/build
gmake[1]: Entering directory '/home/f1tenthteam2/pleasework/build_isolated/roscpp/CMakeFiles/CMakeTmp'
Building C object CMakeFiles/cmTC_e79e3.dir/CheckFunctionExists.c.o
/usr/bin/cc   -DCHECK_FUNCTION_EXISTS=trunc -o CMakeFiles/cmTC_e79e3.dir/CheckFunctionExists.c.o -c /usr/share/cmake-3.22/Modules/CheckFunctionExists.c
<command-line>: warning: conflicting types for built-in function ‘trunc’; expected ‘double(double)’ [-Wbuiltin-declaration-mismatch]
/usr/share/cmake-3.22/Modules/CheckFunctionExists.c:7:3: note: in expansion of macro ‘CHECK_FUNCTION_EXISTS’
    7 |   CHECK_FUNCTION_EXISTS(void);
      |   ^~~~~~~~~~~~~~~~~~~~~
/usr/share/cmake-3.22/Modules/CheckFunctionExists.c:1:1: note: ‘trunc’ is declared in header ‘<math.h>’
  +++ |+#include <math.h>
    1 | #ifdef CHECK_FUNCTION_EXISTS
Linking C executable cmTC_e79e3
/usr/bin/cmake -E cmake_link_script CMakeFiles/cmTC_e79e3.dir/link.txt --verbose=1
/usr/bin/cc  -DCHECK_FUNCTION_EXISTS=trunc -rdynamic CMakeFiles/cmTC_e79e3.dir/CheckFunctionExists.c.o -o cmTC_e79e3 
/usr/bin/ld: CMakeFiles/cmTC_e79e3.dir/CheckFunctionExists.c.o: in function `main':
CheckFunctionExists.c:(.text+0x10): undefined reference to `trunc'
collect2: error: ld returned 1 exit status
gmake[1]: *** [CMakeFiles/cmTC_e79e3.dir/build.make:99: cmTC_e79e3] Error 1
gmake[1]: Leaving directory '/home/f1tenthteam2/pleasework/build_isolated/roscpp/CMakeFiles/CMakeTmp'
gmake: *** [Makefile:127: cmTC_e79e3/fast] Error 2



