************************************************************************
Not in type system
 - QCalendar::Unspecified
 - QGraphicsEllipseItem::Type
 - QGraphicsItem::UserType
 - QGraphicsItemGroup::Type
 - QGraphicsLineItem::Type
 - QGraphicsPathItem::Type
 - QGraphicsPixmapItem::Type
 - QGraphicsPolygonItem::Type
 - QGraphicsProxyWidget::Type
 - QGraphicsRectItem::Type
 - QGraphicsSimpleTextItem::Type
 - QGraphicsTextItem::Type
 - QGraphicsWidget::Type
 - QSysInfo::MacVersion
 - QSysInfo::WinVersion
 - QTimeZone::MaxUtcOffsetSecs
 - QWheelEvent::DefaultDeltasPerStep
 - Q_RELOCATABLE_TYPE
 - Qt::Initialization
 - Qt::ReturnByValueConstant
************************************************************************

************************************************************************
Generation disabled by type system
 - QFont::ResolveProperties matches class "^QFont$" and "^ResolveProperties$"
 - QMetaMethod::Attributes matches class "^QMetaMethod$" and "^Attributes$"
************************************************************************

************************************************************************
Type redefined to not be a class
************************************************************************

************************************************************************
Unmatched argument type
************************************************************************

************************************************************************
Unmatched return type
************************************************************************

************************************************************************
Incompatible API
************************************************************************

************************************************************************
Deprecated
************************************************************************

