************************************************************************
Not in type system
************************************************************************

************************************************************************
Generation disabled by type system
 - QAbstractAnimation::staticMetaObject -> const QMetaObject matches class "^.*$" and "^staticMetaObject$"
 - QAbstractButton::staticMetaObject -> const QMetaObject matches class "^.*$" and "^staticMetaObject$"
 - QAbstractEventDispatcher::staticMetaObject -> const QMetaObject matches class "^.*$" and "^staticMetaObject$"
 - QAbstractItemDelegate::staticMetaObject -> const QMetaObject matches class "^.*$" and "^staticMetaObject$"
 - QAbstractItemModel::staticMetaObject -> const QMetaObject matches class "^.*$" and "^staticMetaObject$"
 - QAbstractItemView::staticMetaObject -> const QMetaObject matches class "^.*$" and "^staticMetaObject$"
 - QAbstractListModel::staticMetaObject -> const QMetaObject matches class "^.*$" and "^staticMetaObject$"
 - QAbstractOpenGLFunctions::d_ptr -> QAbstractOpenGLFunctionsPrivate* matches class "^.*$" and "^d_ptr$"
 - QAbstractProxyModel::staticMetaObject -> const QMetaObject matches class "^.*$" and "^staticMetaObject$"
 - QAbstractScrollArea::staticMetaObject -> const QMetaObject matches class "^.*$" and "^staticMetaObject$"
 - QAbstractSlider::staticMetaObject -> const QMetaObject matches class "^.*$" and "^staticMetaObject$"
 - QAbstractSpinBox::staticMetaObject -> const QMetaObject matches class "^.*$" and "^staticMetaObject$"
 - QAbstractState::staticMetaObject -> const QMetaObject matches class "^.*$" and "^staticMetaObject$"
 - QAbstractTableModel::staticMetaObject -> const QMetaObject matches class "^.*$" and "^staticMetaObject$"
 - QAbstractTextDocumentLayout::PaintContext::selections -> QVector<QAbstractTextDocumentLayout::Selection> matches class "^QAbstractTextDocumentLayout\:\:PaintContext$" and "^selections$"
 - QAbstractTextDocumentLayout::staticMetaObject -> const QMetaObject matches class "^.*$" and "^staticMetaObject$"
 - QAbstractTransition::staticMetaObject -> const QMetaObject matches class "^.*$" and "^staticMetaObject$"
 - QAccessible::staticMetaObject -> const QMetaObject matches class "^.*$" and "^staticMetaObject$"
 - QAccessibleEvent::m_object -> QObject* matches class "^QAccessible.*Event$" and "^m_.*$"
 - QAccessibleEvent::m_type -> QAccessible::Event matches class "^QAccessible.*Event$" and "^m_.*$"
 - QAccessibleStateChangeEvent::m_changedStates -> QAccessible::State matches class "^QAccessible.*Event$" and "^m_.*$"
 - QAccessibleTableModelChangeEvent::m_firstColumn -> int matches class "^QAccessible.*Event$" and "^m_.*$"
 - QAccessibleTableModelChangeEvent::m_firstRow -> int matches class "^QAccessible.*Event$" and "^m_.*$"
 - QAccessibleTableModelChangeEvent::m_lastColumn -> int matches class "^QAccessible.*Event$" and "^m_.*$"
 - QAccessibleTableModelChangeEvent::m_lastRow -> int matches class "^QAccessible.*Event$" and "^m_.*$"
 - QAccessibleTableModelChangeEvent::m_modelChangeType -> QAccessibleTableModelChangeEvent::ModelChangeType matches class "^QAccessible.*Event$" and "^m_.*$"
 - QAccessibleTextCursorEvent::m_cursorPosition -> int matches class "^QAccessible.*Event$" and "^m_.*$"
 - QAccessibleTextInsertEvent::m_position -> int matches class "^QAccessible.*Event$" and "^m_.*$"
 - QAccessibleTextInsertEvent::m_text -> QString matches class "^QAccessible.*Event$" and "^m_.*$"
 - QAccessibleTextRemoveEvent::m_position -> int matches class "^QAccessible.*Event$" and "^m_.*$"
 - QAccessibleTextRemoveEvent::m_text -> QString matches class "^QAccessible.*Event$" and "^m_.*$"
 - QAccessibleTextSelectionEvent::m_selectionEnd -> int matches class "^QAccessible.*Event$" and "^m_.*$"
 - QAccessibleTextSelectionEvent::m_selectionStart -> int matches class "^QAccessible.*Event$" and "^m_.*$"
 - QAccessibleTextUpdateEvent::m_oldText -> QString matches class "^QAccessible.*Event$" and "^m_.*$"
 - QAccessibleTextUpdateEvent::m_position -> int matches class "^QAccessible.*Event$" and "^m_.*$"
 - QAccessibleTextUpdateEvent::m_text -> QString matches class "^QAccessible.*Event$" and "^m_.*$"
 - QAccessibleValueChangeEvent::m_value -> QVariant matches class "^QAccessible.*Event$" and "^m_.*$"
 - QAction::staticMetaObject -> const QMetaObject matches class "^.*$" and "^staticMetaObject$"
 - QActionGroup::staticMetaObject -> const QMetaObject matches class "^.*$" and "^staticMetaObject$"
 - QAnimationGroup::staticMetaObject -> const QMetaObject matches class "^.*$" and "^staticMetaObject$"
 - QApplication::staticMetaObject -> const QMetaObject matches class "^.*$" and "^staticMetaObject$"
 - QBoxLayout::staticMetaObject -> const QMetaObject matches class "^.*$" and "^staticMetaObject$"
 - QBuffer::staticMetaObject -> const QMetaObject matches class "^.*$" and "^staticMetaObject$"
 - QButtonGroup::staticMetaObject -> const QMetaObject matches class "^.*$" and "^staticMetaObject$"
 - QCalendar::staticMetaObject -> const QMetaObject matches class "^.*$" and "^staticMetaObject$"
 - QCalendarWidget::staticMetaObject -> const QMetaObject matches class "^.*$" and "^staticMetaObject$"
 - QCborError::staticMetaObject -> const QMetaObject matches class "^.*$" and "^staticMetaObject$"
 - QCborStreamReader::staticMetaObject -> const QMetaObject matches class "^.*$" and "^staticMetaObject$"
 - QCborValue::staticMetaObject -> const QMetaObject matches class "^.*$" and "^staticMetaObject$"
 - QCheckBox::staticMetaObject -> const QMetaObject matches class "^.*$" and "^staticMetaObject$"
 - QChildEvent::c -> QObject* matches class "^QChildEvent$" and "^c$"
 - QClipboard::staticMetaObject -> const QMetaObject matches class "^.*$" and "^staticMetaObject$"
 - QCollatorSortKey::d -> QExplicitlySharedDataPointer<QCollatorSortKeyPrivate> matches class "^.*$" and "^d$"
 - QColorDialog::staticMetaObject -> const QMetaObject matches class "^.*$" and "^staticMetaObject$"
 - QColorSpace::staticMetaObject -> const QMetaObject matches class "^.*$" and "^staticMetaObject$"
 - QColumnView::staticMetaObject -> const QMetaObject matches class "^.*$" and "^staticMetaObject$"
 - QComboBox::staticMetaObject -> const QMetaObject matches class "^.*$" and "^staticMetaObject$"
 - QCommandLinkButton::staticMetaObject -> const QMetaObject matches class "^.*$" and "^staticMetaObject$"
 - QCommonStyle::staticMetaObject -> const QMetaObject matches class "^.*$" and "^staticMetaObject$"
 - QCompleter::staticMetaObject -> const QMetaObject matches class "^.*$" and "^staticMetaObject$"
 - QConcatenateTablesProxyModel::staticMetaObject -> const QMetaObject matches class "^.*$" and "^staticMetaObject$"
 - QContextMenuEvent::gp -> QPoint matches class "^QContextMenuEvent$" and "^gp$"
 - QContextMenuEvent::p -> QPoint matches class "^QContextMenuEvent$" and "^p$"
 - QContextMenuEvent::reas -> uint matches class "^QContextMenuEvent$" and "^reas$"
 - QCoreApplication::staticMetaObject -> const QMetaObject matches class "^.*$" and "^staticMetaObject$"
 - QCryptographicHash::staticMetaObject -> const QMetaObject matches class "^.*$" and "^staticMetaObject$"
 - QDataWidgetMapper::staticMetaObject -> const QMetaObject matches class "^.*$" and "^staticMetaObject$"
 - QDateEdit::staticMetaObject -> const QMetaObject matches class "^.*$" and "^staticMetaObject$"
 - QDateTimeEdit::staticMetaObject -> const QMetaObject matches class "^.*$" and "^staticMetaObject$"
 - QDesktopWidget::staticMetaObject -> const QMetaObject matches class "^.*$" and "^staticMetaObject$"
 - QDial::staticMetaObject -> const QMetaObject matches class "^.*$" and "^staticMetaObject$"
 - QDialog::staticMetaObject -> const QMetaObject matches class "^.*$" and "^staticMetaObject$"
 - QDialogButtonBox::staticMetaObject -> const QMetaObject matches class "^.*$" and "^staticMetaObject$"
 - QDir::d_ptr -> QSharedDataPointer<QDirPrivate> matches class "^.*$" and "^d_ptr$"
 - QDirModel::staticMetaObject -> const QMetaObject matches class "^.*$" and "^staticMetaObject$"
 - QDockWidget::staticMetaObject -> const QMetaObject matches class "^.*$" and "^staticMetaObject$"
 - QDoubleSpinBox::staticMetaObject -> const QMetaObject matches class "^.*$" and "^staticMetaObject$"
 - QDoubleValidator::staticMetaObject -> const QMetaObject matches class "^.*$" and "^staticMetaObject$"
 - QDrag::staticMetaObject -> const QMetaObject matches class "^.*$" and "^staticMetaObject$"
 - QDragMoveEvent::rect -> QRect matches class "^QDragMoveEvent$" and "^rect$"
 - QDropEvent::act -> Qt::DropActions matches class "^QDropEvent$" and "^act$"
 - QDropEvent::default_action -> Qt::DropAction matches class "^QDropEvent$" and "^default_action$"
 - QDropEvent::drop_action -> Qt::DropAction matches class "^QDropEvent$" and "^drop_action$"
 - QDropEvent::mdata -> const QMimeData* matches class "^QDropEvent$" and "^mdata$"
 - QDropEvent::modState -> Qt::KeyboardModifiers matches class "^QDropEvent$" and "^modState$"
 - QDropEvent::mouseState -> Qt::MouseButtons matches class "^QDropEvent$" and "^mouseState$"
 - QDropEvent::p -> QPointF matches class "^QDropEvent$" and "^p$"
 - QEasingCurve::staticMetaObject -> const QMetaObject matches class "^.*$" and "^staticMetaObject$"
 - QEnterEvent::l -> QPointF matches class "^QEnterEvent$" and "^l$"
 - QEnterEvent::s -> QPointF matches class "^QEnterEvent$" and "^s$"
 - QEnterEvent::w -> QPointF matches class "^QEnterEvent$" and "^w$"
 - QErrorMessage::staticMetaObject -> const QMetaObject matches class "^.*$" and "^staticMetaObject$"
 - QEvent::d -> QEventPrivate* matches class "^.*$" and "^d$"
 - QEvent::staticMetaObject -> const QMetaObject matches class "^.*$" and "^staticMetaObject$"
 - QEvent::t -> ushort matches class "^QEvent$" and "^t$"
 - QEventLoop::staticMetaObject -> const QMetaObject matches class "^.*$" and "^staticMetaObject$"
 - QEventTransition::staticMetaObject -> const QMetaObject matches class "^.*$" and "^staticMetaObject$"
 - QFile::staticMetaObject -> const QMetaObject matches class "^.*$" and "^staticMetaObject$"
 - QFileDevice::staticMetaObject -> const QMetaObject matches class "^.*$" and "^staticMetaObject$"
 - QFileDialog::staticMetaObject -> const QMetaObject matches class "^.*$" and "^staticMetaObject$"
 - QFileInfo::d_ptr -> QSharedDataPointer<QFileInfoPrivate> matches class "^.*$" and "^d_ptr$"
 - QFileSelector::staticMetaObject -> const QMetaObject matches class "^.*$" and "^staticMetaObject$"
 - QFileSystemModel::staticMetaObject -> const QMetaObject matches class "^.*$" and "^staticMetaObject$"
 - QFileSystemWatcher::staticMetaObject -> const QMetaObject matches class "^.*$" and "^staticMetaObject$"
 - QFinalState::staticMetaObject -> const QMetaObject matches class "^.*$" and "^staticMetaObject$"
 - QFocusFrame::staticMetaObject -> const QMetaObject matches class "^.*$" and "^staticMetaObject$"
 - QFont::staticMetaObject -> const QMetaObject matches class "^.*$" and "^staticMetaObject$"
 - QFontComboBox::staticMetaObject -> const QMetaObject matches class "^.*$" and "^staticMetaObject$"
 - QFontDatabase::staticMetaObject -> const QMetaObject matches class "^.*$" and "^staticMetaObject$"
 - QFontDialog::staticMetaObject -> const QMetaObject matches class "^.*$" and "^staticMetaObject$"
 - QFormLayout::staticMetaObject -> const QMetaObject matches class "^.*$" and "^staticMetaObject$"
 - QFrame::staticMetaObject -> const QMetaObject matches class "^.*$" and "^staticMetaObject$"
 - QFuture::d -> QFutureInterface<T> matches class "^.*$" and "^d$"
 - QFutureWatcherBase::staticMetaObject -> const QMetaObject matches class "^.*$" and "^staticMetaObject$"
 - QGesture::staticMetaObject -> const QMetaObject matches class "^.*$" and "^staticMetaObject$"
 - QGradient::staticMetaObject -> const QMetaObject matches class "^.*$" and "^staticMetaObject$"
 - QGraphicsAnchor::staticMetaObject -> const QMetaObject matches class "^.*$" and "^staticMetaObject$"
 - QGraphicsBlurEffect::staticMetaObject -> const QMetaObject matches class "^.*$" and "^staticMetaObject$"
 - QGraphicsColorizeEffect::staticMetaObject -> const QMetaObject matches class "^.*$" and "^staticMetaObject$"
 - QGraphicsDropShadowEffect::staticMetaObject -> const QMetaObject matches class "^.*$" and "^staticMetaObject$"
 - QGraphicsEffect::staticMetaObject -> const QMetaObject matches class "^.*$" and "^staticMetaObject$"
 - QGraphicsItem::d_ptr -> QScopedPointer<QGraphicsItemPrivate> matches class "^.*$" and "^d_ptr$"
 - QGraphicsItemAnimation::staticMetaObject -> const QMetaObject matches class "^.*$" and "^staticMetaObject$"
 - QGraphicsLayoutItem::d_ptr -> QScopedPointer<QGraphicsLayoutItemPrivate> matches class "^.*$" and "^d_ptr$"
 - QGraphicsObject::staticMetaObject -> const QMetaObject matches class "^.*$" and "^staticMetaObject$"
 - QGraphicsOpacityEffect::staticMetaObject -> const QMetaObject matches class "^.*$" and "^staticMetaObject$"
 - QGraphicsProxyWidget::staticMetaObject -> const QMetaObject matches class "^.*$" and "^staticMetaObject$"
 - QGraphicsRotation::staticMetaObject -> const QMetaObject matches class "^.*$" and "^staticMetaObject$"
 - QGraphicsScale::staticMetaObject -> const QMetaObject matches class "^.*$" and "^staticMetaObject$"
 - QGraphicsScene::staticMetaObject -> const QMetaObject matches class "^.*$" and "^staticMetaObject$"
 - QGraphicsSceneEvent::d_ptr -> QScopedPointer<QGraphicsSceneEventPrivate> matches class "^.*$" and "^d_ptr$"
 - QGraphicsTextItem::staticMetaObject -> const QMetaObject matches class "^.*$" and "^staticMetaObject$"
 - QGraphicsTransform::staticMetaObject -> const QMetaObject matches class "^.*$" and "^staticMetaObject$"
 - QGraphicsView::staticMetaObject -> const QMetaObject matches class "^.*$" and "^staticMetaObject$"
 - QGraphicsWidget::staticMetaObject -> const QMetaObject matches class "^.*$" and "^staticMetaObject$"
 - QGridLayout::staticMetaObject -> const QMetaObject matches class "^.*$" and "^staticMetaObject$"
 - QGroupBox::staticMetaObject -> const QMetaObject matches class "^.*$" and "^staticMetaObject$"
 - QGuiApplication::staticMetaObject -> const QMetaObject matches class "^.*$" and "^staticMetaObject$"
 - QHBoxLayout::staticMetaObject -> const QMetaObject matches class "^.*$" and "^staticMetaObject$"
 - QHeaderView::staticMetaObject -> const QMetaObject matches class "^.*$" and "^staticMetaObject$"
 - QHistoryState::staticMetaObject -> const QMetaObject matches class "^.*$" and "^staticMetaObject$"
 - QHoverEvent::op -> QPointF matches class "^QHoverEvent$" and "^op$"
 - QHoverEvent::p -> QPointF matches class "^QHoverEvent$" and "^p$"
 - QIODevice::staticMetaObject -> const QMetaObject matches class "^.*$" and "^staticMetaObject$"
 - QIdentityProxyModel::staticMetaObject -> const QMetaObject matches class "^.*$" and "^staticMetaObject$"
 - QImage::staticMetaObject -> const QMetaObject matches class "^.*$" and "^staticMetaObject$"
 - QImageIOHandler::d_ptr -> QScopedPointer<QImageIOHandlerPrivate> matches class "^.*$" and "^d_ptr$"
 - QInputDialog::staticMetaObject -> const QMetaObject matches class "^.*$" and "^staticMetaObject$"
 - QInputEvent::modState -> Qt::KeyboardModifiers matches class "^QInputEvent$" and "^modState$"
 - QInputMethod::staticMetaObject -> const QMetaObject matches class "^.*$" and "^staticMetaObject$"
 - QIntValidator::staticMetaObject -> const QMetaObject matches class "^.*$" and "^staticMetaObject$"
 - QItemDelegate::staticMetaObject -> const QMetaObject matches class "^.*$" and "^staticMetaObject$"
 - QItemSelectionModel::staticMetaObject -> const QMetaObject matches class "^.*$" and "^staticMetaObject$"
 - QJsonDocument::BinaryFormatTag -> const uint matches class "^QJsonDocument$" and "^BinaryFormatTag$"
 - QKeyEvent::c -> ushort matches class "^QKeyEvent$" and "^c$"
 - QKeyEvent::k -> int matches class "^QKeyEvent$" and "^k$"
 - QKeyEvent::txt -> QString matches class "^QKeyEvent$" and "^txt$"
 - QKeyEventTransition::staticMetaObject -> const QMetaObject matches class "^.*$" and "^staticMetaObject$"
 - QKeySequence::staticMetaObject -> const QMetaObject matches class "^.*$" and "^staticMetaObject$"
 - QKeySequenceEdit::staticMetaObject -> const QMetaObject matches class "^.*$" and "^staticMetaObject$"
 - QLCDNumber::staticMetaObject -> const QMetaObject matches class "^.*$" and "^staticMetaObject$"
 - QLabel::staticMetaObject -> const QMetaObject matches class "^.*$" and "^staticMetaObject$"
 - QLayout::staticMetaObject -> const QMetaObject matches class "^.*$" and "^staticMetaObject$"
 - QLineEdit::staticMetaObject -> const QMetaObject matches class "^.*$" and "^staticMetaObject$"
 - QListView::staticMetaObject -> const QMetaObject matches class "^.*$" and "^staticMetaObject$"
 - QListWidget::staticMetaObject -> const QMetaObject matches class "^.*$" and "^staticMetaObject$"
 - QLocale::staticMetaObject -> const QMetaObject matches class "^.*$" and "^staticMetaObject$"
 - QLockFile::d_ptr -> QScopedPointer<QLockFilePrivate> matches class "^.*$" and "^d_ptr$"
 - QMainWindow::staticMetaObject -> const QMetaObject matches class "^.*$" and "^staticMetaObject$"
 - QMdiArea::staticMetaObject -> const QMetaObject matches class "^.*$" and "^staticMetaObject$"
 - QMdiSubWindow::staticMetaObject -> const QMetaObject matches class "^.*$" and "^staticMetaObject$"
 - QMenu::staticMetaObject -> const QMetaObject matches class "^.*$" and "^staticMetaObject$"
 - QMenuBar::staticMetaObject -> const QMetaObject matches class "^.*$" and "^staticMetaObject$"
 - QMessageBox::staticMetaObject -> const QMetaObject matches class "^.*$" and "^staticMetaObject$"
 - QMetaObject::d -> struct (unnamed struct at /usr/include/aarch64-linux-gnu/qt5/QtCore/qobjectdefs.h:604:5) matches class "^.*$" and "^d$"
 - QMimeData::staticMetaObject -> const QMetaObject matches class "^.*$" and "^staticMetaObject$"
 - QMimeType::d -> QExplicitlySharedDataPointer<QMimeTypePrivate> matches class "^.*$" and "^d$"
 - QMimeType::staticMetaObject -> const QMetaObject matches class "^.*$" and "^staticMetaObject$"
 - QMouseEvent::b -> Qt::MouseButton matches class "^QMouseEvent$" and "^b$"
 - QMouseEvent::mouseState -> Qt::MouseButtons matches class "^QMouseEvent$" and "^mouseState$"
 - QMouseEventTransition::staticMetaObject -> const QMetaObject matches class "^.*$" and "^staticMetaObject$"
 - QMoveEvent::oldp -> QPoint matches class "^QMoveEvent$" and "^oldp$"
 - QMoveEvent::p -> QPoint matches class "^QMoveEvent$" and "^p$"
 - QMovie::staticMetaObject -> const QMetaObject matches class "^.*$" and "^staticMetaObject$"
 - QNativeGestureEvent::mGestureType -> Qt::NativeGestureType matches class "^QNativeGestureEvent$" and "^m.*$"
 - QNativeGestureEvent::mIntValue -> quint64 matches class "^QNativeGestureEvent$" and "^m.*$"
 - QNativeGestureEvent::mLocalPos -> QPointF matches class "^QNativeGestureEvent$" and "^m.*$"
 - QNativeGestureEvent::mRealValue -> qreal matches class "^QNativeGestureEvent$" and "^m.*$"
 - QNativeGestureEvent::mScreenPos -> QPointF matches class "^QNativeGestureEvent$" and "^m.*$"
 - QNativeGestureEvent::mSequenceId -> ulong matches class "^QNativeGestureEvent$" and "^m.*$"
 - QNativeGestureEvent::mWindowPos -> QPointF matches class "^QNativeGestureEvent$" and "^m.*$"
 - QObject::d_ptr -> QScopedPointer<QObjectData> matches class "^.*$" and "^d_ptr$"
 - QObject::staticMetaObject -> const QMetaObject matches class "^.*$" and "^staticMetaObject$"
 - QObject::staticQtMetaObject -> const QMetaObject matches class "^.*$" and "^staticQtMetaObject$"
 - QOffscreenSurface::staticMetaObject -> const QMetaObject matches class "^.*$" and "^staticMetaObject$"
 - QOpenGLContext::staticMetaObject -> const QMetaObject matches class "^.*$" and "^staticMetaObject$"
 - QOpenGLContextGroup::staticMetaObject -> const QMetaObject matches class "^.*$" and "^staticMetaObject$"
 - QOpenGLDebugLogger::staticMetaObject -> const QMetaObject matches class "^.*$" and "^staticMetaObject$"
 - QOpenGLFunctions::d_ptr -> QOpenGLFunctionsPrivate* matches class "^.*$" and "^d_ptr$"
 - QOpenGLShader::staticMetaObject -> const QMetaObject matches class "^.*$" and "^staticMetaObject$"
 - QOpenGLShaderProgram::staticMetaObject -> const QMetaObject matches class "^.*$" and "^staticMetaObject$"
 - QOpenGLTexture::staticMetaObject -> const QMetaObject matches class "^.*$" and "^staticMetaObject$"
 - QOpenGLTimeMonitor::staticMetaObject -> const QMetaObject matches class "^.*$" and "^staticMetaObject$"
 - QOpenGLTimerQuery::staticMetaObject -> const QMetaObject matches class "^.*$" and "^staticMetaObject$"
 - QOpenGLVertexArrayObject::staticMetaObject -> const QMetaObject matches class "^.*$" and "^staticMetaObject$"
 - QOpenGLWidget::staticMetaObject -> const QMetaObject matches class "^.*$" and "^staticMetaObject$"
 - QOpenGLWindow::staticMetaObject -> const QMetaObject matches class "^.*$" and "^staticMetaObject$"
 - QPagedPaintDevice::d -> QPagedPaintDevicePrivate* matches class "^.*$" and "^d$"
 - QPaintDeviceWindow::staticMetaObject -> const QMetaObject matches class "^.*$" and "^staticMetaObject$"
 - QPaintEngine::d_ptr -> QScopedPointer<QPaintEnginePrivate> matches class "^.*$" and "^d_ptr$"
 - QPaintEvent::m_erased -> bool matches class "^QPaintEvent$" and "^m_erased$"
 - QPaintEvent::m_rect -> QRect matches class "^QPaintEvent$" and "^m_rect$"
 - QPaintEvent::m_region -> QRegion matches class "^QPaintEvent$" and "^m_region$"
 - QPainter::staticMetaObject -> const QMetaObject matches class "^.*$" and "^staticMetaObject$"
 - QPalette::staticMetaObject -> const QMetaObject matches class "^.*$" and "^staticMetaObject$"
 - QPanGesture::staticMetaObject -> const QMetaObject matches class "^.*$" and "^staticMetaObject$"
 - QParallelAnimationGroup::staticMetaObject -> const QMetaObject matches class "^.*$" and "^staticMetaObject$"
 - QPauseAnimation::staticMetaObject -> const QMetaObject matches class "^.*$" and "^staticMetaObject$"
 - QPdfWriter::staticMetaObject -> const QMetaObject matches class "^.*$" and "^staticMetaObject$"
 - QPinchGesture::staticMetaObject -> const QMetaObject matches class "^.*$" and "^staticMetaObject$"
 - QPlainTextDocumentLayout::staticMetaObject -> const QMetaObject matches class "^.*$" and "^staticMetaObject$"
 - QPlainTextEdit::staticMetaObject -> const QMetaObject matches class "^.*$" and "^staticMetaObject$"
 - QPluginLoader::staticMetaObject -> const QMetaObject matches class "^.*$" and "^staticMetaObject$"
 - QPointingDeviceUniqueId::staticMetaObject -> const QMetaObject matches class "^.*$" and "^staticMetaObject$"
 - QProcess::staticMetaObject -> const QMetaObject matches class "^.*$" and "^staticMetaObject$"
 - QProgressBar::staticMetaObject -> const QMetaObject matches class "^.*$" and "^staticMetaObject$"
 - QProgressDialog::staticMetaObject -> const QMetaObject matches class "^.*$" and "^staticMetaObject$"
 - QPropertyAnimation::staticMetaObject -> const QMetaObject matches class "^.*$" and "^staticMetaObject$"
 - QProxyStyle::staticMetaObject -> const QMetaObject matches class "^.*$" and "^staticMetaObject$"
 - QPushButton::staticMetaObject -> const QMetaObject matches class "^.*$" and "^staticMetaObject$"
 - QRadioButton::staticMetaObject -> const QMetaObject matches class "^.*$" and "^staticMetaObject$"
 - QRasterWindow::staticMetaObject -> const QMetaObject matches class "^.*$" and "^staticMetaObject$"
 - QRegExpValidator::staticMetaObject -> const QMetaObject matches class "^.*$" and "^staticMetaObject$"
 - QRegularExpressionValidator::staticMetaObject -> const QMetaObject matches class "^.*$" and "^staticMetaObject$"
 - QResizeEvent::olds -> QSize matches class "^QResizeEvent$" and "^olds$"
 - QResizeEvent::s -> QSize matches class "^QResizeEvent$" and "^s$"
 - QResource::d_ptr -> QScopedPointer<QResourcePrivate> matches class "^.*$" and "^d_ptr$"
 - QRubberBand::staticMetaObject -> const QMetaObject matches class "^.*$" and "^staticMetaObject$"
 - QSaveFile::staticMetaObject -> const QMetaObject matches class "^.*$" and "^staticMetaObject$"
 - QScreen::staticMetaObject -> const QMetaObject matches class "^.*$" and "^staticMetaObject$"
 - QScrollArea::staticMetaObject -> const QMetaObject matches class "^.*$" and "^staticMetaObject$"
 - QScrollBar::staticMetaObject -> const QMetaObject matches class "^.*$" and "^staticMetaObject$"
 - QScroller::staticMetaObject -> const QMetaObject matches class "^.*$" and "^staticMetaObject$"
 - QScrollerProperties::d -> QScopedPointer<QScrollerPropertiesPrivate> matches class "^.*$" and "^d$"
 - QSequentialAnimationGroup::staticMetaObject -> const QMetaObject matches class "^.*$" and "^staticMetaObject$"
 - QSessionManager::staticMetaObject -> const QMetaObject matches class "^.*$" and "^staticMetaObject$"
 - QSettings::staticMetaObject -> const QMetaObject matches class "^.*$" and "^staticMetaObject$"
 - QShortcut::staticMetaObject -> const QMetaObject matches class "^.*$" and "^staticMetaObject$"
 - QShortcutEvent::ambig -> bool matches class "^QShortcutEvent$" and "^ambig$"
 - QShortcutEvent::sequence -> QKeySequence matches class "^QShortcutEvent$" and "^sequence$"
 - QShortcutEvent::sid -> int matches class "^QShortcutEvent$" and "^sid$"
 - QSignalMapper::staticMetaObject -> const QMetaObject matches class "^.*$" and "^staticMetaObject$"
 - QSignalTransition::staticMetaObject -> const QMetaObject matches class "^.*$" and "^staticMetaObject$"
 - QSizeGrip::staticMetaObject -> const QMetaObject matches class "^.*$" and "^staticMetaObject$"
 - QSizePolicy::staticMetaObject -> const QMetaObject matches class "^.*$" and "^staticMetaObject$"
 - QSlider::staticMetaObject -> const QMetaObject matches class "^.*$" and "^staticMetaObject$"
 - QSocketNotifier::staticMetaObject -> const QMetaObject matches class "^.*$" and "^staticMetaObject$"
 - QSortFilterProxyModel::staticMetaObject -> const QMetaObject matches class "^.*$" and "^staticMetaObject$"
 - QSpinBox::staticMetaObject -> const QMetaObject matches class "^.*$" and "^staticMetaObject$"
 - QSplashScreen::staticMetaObject -> const QMetaObject matches class "^.*$" and "^staticMetaObject$"
 - QSplitter::staticMetaObject -> const QMetaObject matches class "^.*$" and "^staticMetaObject$"
 - QSplitterHandle::staticMetaObject -> const QMetaObject matches class "^.*$" and "^staticMetaObject$"
 - QStackedLayout::staticMetaObject -> const QMetaObject matches class "^.*$" and "^staticMetaObject$"
 - QStackedWidget::staticMetaObject -> const QMetaObject matches class "^.*$" and "^staticMetaObject$"
 - QStandardItem::d_ptr -> QScopedPointer<QStandardItemPrivate> matches class "^.*$" and "^d_ptr$"
 - QStandardItemModel::staticMetaObject -> const QMetaObject matches class "^.*$" and "^staticMetaObject$"
 - QStandardPaths::staticMetaObject -> const QMetaObject matches class "^.*$" and "^staticMetaObject$"
 - QState::staticMetaObject -> const QMetaObject matches class "^.*$" and "^staticMetaObject$"
 - QStateMachine::staticMetaObject -> const QMetaObject matches class "^.*$" and "^staticMetaObject$"
 - QStatusBar::staticMetaObject -> const QMetaObject matches class "^.*$" and "^staticMetaObject$"
 - QStringListModel::staticMetaObject -> const QMetaObject matches class "^.*$" and "^staticMetaObject$"
 - QStyle::staticMetaObject -> const QMetaObject matches class "^.*$" and "^staticMetaObject$"
 - QStyleHints::staticMetaObject -> const QMetaObject matches class "^.*$" and "^staticMetaObject$"
 - QStyledItemDelegate::staticMetaObject -> const QMetaObject matches class "^.*$" and "^staticMetaObject$"
 - QSurface::m_reserved -> QSurfacePrivate* matches class "^QSurface$" and "^m_reserved$"
 - QSurface::staticMetaObject -> const QMetaObject matches class "^.*$" and "^staticMetaObject$"
 - QSurfaceFormat::staticMetaObject -> const QMetaObject matches class "^.*$" and "^staticMetaObject$"
 - QSwipeGesture::staticMetaObject -> const QMetaObject matches class "^.*$" and "^staticMetaObject$"
 - QSyntaxHighlighter::staticMetaObject -> const QMetaObject matches class "^.*$" and "^staticMetaObject$"
 - QSystemTrayIcon::staticMetaObject -> const QMetaObject matches class "^.*$" and "^staticMetaObject$"
 - QTabBar::staticMetaObject -> const QMetaObject matches class "^.*$" and "^staticMetaObject$"
 - QTabWidget::staticMetaObject -> const QMetaObject matches class "^.*$" and "^staticMetaObject$"
 - QTableView::staticMetaObject -> const QMetaObject matches class "^.*$" and "^staticMetaObject$"
 - QTableWidget::staticMetaObject -> const QMetaObject matches class "^.*$" and "^staticMetaObject$"
 - QTabletEvent::mDev -> int matches class "^QTabletEvent$" and "^mDev$"
 - QTabletEvent::mExtra -> void* matches class "^QTabletEvent$" and "^mExtra$"
 - QTabletEvent::mGPos -> QPointF matches class "^QTabletEvent$" and "^mGPos$"
 - QTabletEvent::mPointerType -> int matches class "^QTabletEvent$" and "^mPointerType$"
 - QTabletEvent::mPos -> QPointF matches class "^QTabletEvent$" and "^mPos$"
 - QTabletEvent::mPress -> qreal matches class "^QTabletEvent$" and "^mPress$"
 - QTabletEvent::mRot -> qreal matches class "^QTabletEvent$" and "^mRot$"
 - QTabletEvent::mTangential -> qreal matches class "^QTabletEvent$" and "^mTangential$"
 - QTabletEvent::mUnique -> qint64 matches class "^QTabletEvent$" and "^mUnique$"
 - QTabletEvent::mXT -> int matches class "^QTabletEvent$" and "^mXT$"
 - QTabletEvent::mYT -> int matches class "^QTabletEvent$" and "^mYT$"
 - QTabletEvent::mZ -> int matches class "^QTabletEvent$" and "^mZ$"
 - QTabletEvent::staticMetaObject -> const QMetaObject matches class "^.*$" and "^staticMetaObject$"
 - QTapAndHoldGesture::staticMetaObject -> const QMetaObject matches class "^.*$" and "^staticMetaObject$"
 - QTapGesture::staticMetaObject -> const QMetaObject matches class "^.*$" and "^staticMetaObject$"
 - QTemporaryFile::staticMetaObject -> const QMetaObject matches class "^.*$" and "^staticMetaObject$"
 - QTextBlockGroup::staticMetaObject -> const QMetaObject matches class "^.*$" and "^staticMetaObject$"
 - QTextBrowser::staticMetaObject -> const QMetaObject matches class "^.*$" and "^staticMetaObject$"
 - QTextCodec::ConverterState::d -> void* matches class "^.*$" and "^d$"
 - QTextCodec::ConverterState::state_data -> uint[3] matches class "^QTextCodec\:\:ConverterState$" and "^state_data$"
 - QTextDocument::staticMetaObject -> const QMetaObject matches class "^.*$" and "^staticMetaObject$"
 - QTextEdit::staticMetaObject -> const QMetaObject matches class "^.*$" and "^staticMetaObject$"
 - QTextFormat::staticMetaObject -> const QMetaObject matches class "^.*$" and "^staticMetaObject$"
 - QTextFrame::staticMetaObject -> const QMetaObject matches class "^.*$" and "^staticMetaObject$"
 - QTextList::staticMetaObject -> const QMetaObject matches class "^.*$" and "^staticMetaObject$"
 - QTextObject::staticMetaObject -> const QMetaObject matches class "^.*$" and "^staticMetaObject$"
 - QTextTable::staticMetaObject -> const QMetaObject matches class "^.*$" and "^staticMetaObject$"
 - QThread::staticMetaObject -> const QMetaObject matches class "^.*$" and "^staticMetaObject$"
 - QThreadPool::staticMetaObject -> const QMetaObject matches class "^.*$" and "^staticMetaObject$"
 - QTimeEdit::staticMetaObject -> const QMetaObject matches class "^.*$" and "^staticMetaObject$"
 - QTimeLine::staticMetaObject -> const QMetaObject matches class "^.*$" and "^staticMetaObject$"
 - QTimer::staticMetaObject -> const QMetaObject matches class "^.*$" and "^staticMetaObject$"
 - QTimerEvent::id -> int matches class "^QTimerEvent$" and "^id$"
 - QToolBar::staticMetaObject -> const QMetaObject matches class "^.*$" and "^staticMetaObject$"
 - QToolBox::staticMetaObject -> const QMetaObject matches class "^.*$" and "^staticMetaObject$"
 - QToolButton::staticMetaObject -> const QMetaObject matches class "^.*$" and "^staticMetaObject$"
 - QTouchDevice::staticMetaObject -> const QMetaObject matches class "^.*$" and "^staticMetaObject$"
 - QTouchEvent::_device -> QTouchDevice* matches class "^QTouchEvent$" and "^_device$"
 - QTouchEvent::_touchPointStates -> Qt::TouchPointStates matches class "^QTouchEvent$" and "^_touchPointStates$"
 - QTouchEvent::_touchPoints -> QList<QTouchEvent::TouchPoint> matches class "^QTouchEvent$" and "^_touchPoints$"
 - QTouchEvent::_window -> QWindow* matches class "^QTouchEvent$" and "^_window$"
 - QTranslator::staticMetaObject -> const QMetaObject matches class "^.*$" and "^staticMetaObject$"
 - QTransposeProxyModel::staticMetaObject -> const QMetaObject matches class "^.*$" and "^staticMetaObject$"
 - QTreeView::staticMetaObject -> const QMetaObject matches class "^.*$" and "^staticMetaObject$"
 - QTreeWidget::staticMetaObject -> const QMetaObject matches class "^.*$" and "^staticMetaObject$"
 - QUndoGroup::staticMetaObject -> const QMetaObject matches class "^.*$" and "^staticMetaObject$"
 - QUndoStack::staticMetaObject -> const QMetaObject matches class "^.*$" and "^staticMetaObject$"
 - QUndoView::staticMetaObject -> const QMetaObject matches class "^.*$" and "^staticMetaObject$"
 - QUuid::data1 -> uint matches class "^QUuid$" and "^data1$"
 - QUuid::data2 -> ushort matches class "^QUuid$" and "^data2$"
 - QUuid::data3 -> ushort matches class "^QUuid$" and "^data3$"
 - QUuid::data4 -> uchar[8] matches class "^QUuid$" and "^data4$"
 - QVBoxLayout::staticMetaObject -> const QMetaObject matches class "^.*$" and "^staticMetaObject$"
 - QValidator::staticMetaObject -> const QMetaObject matches class "^.*$" and "^staticMetaObject$"
 - QVariantAnimation::staticMetaObject -> const QMetaObject matches class "^.*$" and "^staticMetaObject$"
 - QWheelEvent::g -> QPointF matches class "^QWheelEvent$" and "^g$"
 - QWheelEvent::mouseState -> Qt::MouseButtons matches class "^QWheelEvent$" and "^mouseState$"
 - QWheelEvent::p -> QPointF matches class "^QWheelEvent$" and "^p$"
 - QWidget::staticMetaObject -> const QMetaObject matches class "^.*$" and "^staticMetaObject$"
 - QWidgetAction::staticMetaObject -> const QMetaObject matches class "^.*$" and "^staticMetaObject$"
 - QWindow::staticMetaObject -> const QMetaObject matches class "^.*$" and "^staticMetaObject$"
 - QWizard::staticMetaObject -> const QMetaObject matches class "^.*$" and "^staticMetaObject$"
 - QWizardPage::staticMetaObject -> const QMetaObject matches class "^.*$" and "^staticMetaObject$"
 - qt_gui_cpp::Plugin::staticMetaObject -> const QMetaObject matches class "^.*$" and "^staticMetaObject$"
 - qt_gui_cpp::PluginBridge::staticMetaObject -> const QMetaObject matches class "^.*$" and "^staticMetaObject$"
 - qt_gui_cpp::PluginContext::staticMetaObject -> const QMetaObject matches class "^.*$" and "^staticMetaObject$"
************************************************************************

************************************************************************
Type redefined to not be a class
************************************************************************

************************************************************************
Unmatched argument type
************************************************************************

************************************************************************
Unmatched return type
************************************************************************

************************************************************************
Incompatible API
************************************************************************

************************************************************************
Deprecated
************************************************************************

