************************************************************************
Not in type system
 - QAbstractAnimation::QPrivateSignal
 - QAbstractButton::QPrivateSignal
 - QAbstractConcatenable
 - QAbstractEventDispatcher::QPrivateSignal
 - QAbstractItemDelegate::QPrivateSignal
 - QAbstractItemModel::QPrivateSignal
 - QAbstractItemView::QPrivateSignal
 - QAbstractListModel::QPrivateSignal
 - QAbstractOpenGLFunctionsPrivate
 - QAbstractProxyModel::QPrivateSignal
 - QAbstractScrollArea::QPrivateSignal
 - QAbstractSlider::QPrivateSignal
 - QAbstractSpinBox::QPrivateSignal
 - QAbstractState::QPrivateSignal
 - QAbstractTableModel::QPrivateSignal
 - QAbstractTextDocumentLayout::QPrivateSignal
 - QAbstractTransition::QPrivateSignal
 - QAbstractUndoItem
 - QAccessible::ActivationObserver
 - QAccessibleActionInterface
 - QAccessibleApplication
 - QAccessibleBridge
 - QAccessibleBridgePlugin
 - QAccessibleEvent::
 - QAccessibleImageInterface
 - QAccessiblePlugin
 - QAccessibleTableInterface
 - QAction::QPrivateSignal
 - QActionGroup::QPrivateSignal
 - QAnimationDriver
 - QAnimationGroup::QPrivateSignal
 - QApplication::QPrivateSignal
 - QApplicationStateChangeEvent
 - QArgument
 - QArrayData
 - QArrayDataOps
 - QArrayDataPointer
 - QArrayDataPointerRef
 - QAssociativeIterable
 - QAtomicAdditiveType
 - QAtomicInt
 - QAtomicInteger
 - QAtomicOps
 - QAtomicOpsSupport
 - QAtomicPointer
 - QAtomicTraits
 - QBasicAtomicInteger
 - QBasicAtomicPointer
 - QBigEndianStorageType
 - QBitRef
 - QBoxLayout::QPrivateSignal
 - QBrushData
 - QBuffer::QPrivateSignal
 - QButtonGroup::QPrivateSignal
 - QByteArrayDataPtr
 - QByteArrayMatcher::
 - QByteArrayMatcher::Data
 - QByteRef
 - QCache
 - QCalendarWidget::QPrivateSignal
 - QCborArray::ConstIterator
 - QCborArray::Iterator
 - QCborMap::ConstIterator
 - QCborMap::Iterator
 - QCborValueRef
 - QCharRef
 - QCheckBox::QPrivateSignal
 - QClipboard::QPrivateSignal
 - QColor::CT
 - QColorDialog::QPrivateSignal
 - QColorTransform
 - QColumnView::QPrivateSignal
 - QComboBox::QPrivateSignal
 - QCommandLinkButton::QPrivateSignal
 - QCommonStyle::QPrivateSignal
 - QCompleter::QPrivateSignal
 - QConcatenable
 - QConcatenateTablesProxyModel::QPrivateSignal
 - QConstOverload
 - QContiguousCache
 - QContiguousCacheData
 - QContiguousCacheTypedData
 - QCoreApplication::QPrivateSignal
 - QDataWidgetMapper::QPrivateSignal
 - QDateEdit::QPrivateSignal
 - QDateTime::Data
 - QDateTime::ShortData
 - QDateTimeEdit::QPrivateSignal
 - QDebug
 - QDebugStateSaver
 - QDeferredDeleteEvent
 - QDesktopWidget::QPrivateSignal
 - QDial::QPrivateSignal
 - QDialog::QPrivateSignal
 - QDialogButtonBox::QPrivateSignal
 - QDirModel::QPrivateSignal
 - QDockWidget::QPrivateSignal
 - QDoubleSpinBox::QPrivateSignal
 - QDoubleValidator::QPrivateSignal
 - QDrag::QPrivateSignal
 - QEnableSharedFromThis
 - QErrorMessage::QPrivateSignal
 - QEventLoop::QPrivateSignal
 - QEventLoopLocker
 - QEventTransition::QPrivateSignal
 - QException
 - QExplicitlySharedDataPointer
 - QFile::QPrivateSignal
 - QFileDevice::QPrivateSignal
 - QFileDialog::QPrivateSignal
 - QFileSelector::QPrivateSignal
 - QFileSystemModel::QPrivateSignal
 - QFileSystemWatcher::QPrivateSignal
 - QFinalState::QPrivateSignal
 - QFlag
 - QFlags
 - QFocusFrame::QPrivateSignal
 - QFontComboBox::QPrivateSignal
 - QFontDialog::QPrivateSignal
 - QFormLayout::QPrivateSignal
 - QFormLayout::TakeRowResult
 - QFrame::QPrivateSignal
 - QFuture::const_iterator
 - QFutureInterface
 - QFutureIterator
 - QFutureSynchronizer
 - QFutureWatcherBase::QPrivateSignal
 - QGenericAtomicOps
 - QGenericPlugin
 - QGenericPluginFactory
 - QGesture::QPrivateSignal
 - QGlobalStatic
 - QGlyphRun
 - QGradient::QGradientData
 - QGraphicsAnchor::QPrivateSignal
 - QGraphicsBlurEffect::QPrivateSignal
 - QGraphicsColorizeEffect::QPrivateSignal
 - QGraphicsDropShadowEffect::QPrivateSignal
 - QGraphicsEffect::QPrivateSignal
 - QGraphicsItemAnimation::QPrivateSignal
 - QGraphicsObject::QPrivateSignal
 - QGraphicsOpacityEffect::QPrivateSignal
 - QGraphicsProxyWidget::QPrivateSignal
 - QGraphicsRotation::QPrivateSignal
 - QGraphicsScale::QPrivateSignal
 - QGraphicsScene::QPrivateSignal
 - QGraphicsTextItem::QPrivateSignal
 - QGraphicsTransform::QPrivateSignal
 - QGraphicsView::QPrivateSignal
 - QGraphicsWidget::QPrivateSignal
 - QGridLayout::QPrivateSignal
 - QGroupBox::QPrivateSignal
 - QGuiApplication::QPrivateSignal
 - QHBoxLayout::QPrivateSignal
 - QHash::
 - QHash::const_iterator
 - QHash::iterator
 - QHash::key_iterator
 - QHashData
 - QHashDummyValue
 - QHashIterator
 - QHashNode
 - QHeaderView::QPrivateSignal
 - QHistoryState::QPrivateSignal
 - QIODevice::QPrivateSignal
 - QIconEngine::ScaledPixmapArgument
 - QIconEnginePlugin
 - QIdentityProxyModel::QPrivateSignal
 - QImageIOPlugin
 - QIncompatibleFlag
 - QInputDialog::QPrivateSignal
 - QInputMethod::QPrivateSignal
 - QInputMethodQueryEvent::QueryPair
 - QIntValidator::QPrivateSignal
 - QIntegerForSize
 - QIntegerForSizeof
 - QInternal
 - QItemDelegate::QPrivateSignal
 - QItemEditorCreator
 - QItemSelectionModel::QPrivateSignal
 - QJsonArray::const_iterator
 - QJsonArray::iterator
 - QJsonValuePtr
 - QJsonValueRef
 - QJsonValueRefPtr
 - QKeyEventTransition::QPrivateSignal
 - QKeySequenceEdit::QPrivateSignal
 - QKeyValueIterator
 - QLCDNumber::QPrivateSignal
 - QLabel::QPrivateSignal
 - QLatin1Char
 - QLatin1String
 - QLayout::QPrivateSignal
 - QLibrary
 - QLineEdit::QPrivateSignal
 - QLinkedList::
 - QLinkedList::const_iterator
 - QLinkedList::iterator
 - QLinkedListData
 - QLinkedListIterator
 - QLinkedListNode
 - QList::
 - QList::MemoryLayout
 - QList::Node
 - QList::const_iterator
 - QList::iterator
 - QListData
 - QListIterator
 - QListSpecialMethods
 - QListView::QPrivateSignal
 - QListWidget::QPrivateSignal
 - QLittleEndianStorageType
 - QLoggingCategory
 - QMainWindow::QPrivateSignal
 - QMap::const_iterator
 - QMap::iterator
 - QMap::key_iterator
 - QMapData
 - QMapDataBase
 - QMapIterator
 - QMapNode
 - QMapNodeBase
 - QMdiArea::QPrivateSignal
 - QMdiSubWindow::QPrivateSignal
 - QMenu::QPrivateSignal
 - QMenuBar::QPrivateSignal
 - QMessageBox::QPrivateSignal
 - QMessageLogger
 - QMetaObject::
 - QMetaObject::SuperData
 - QMetaType
 - QMetaTypeId
 - QMetaTypeId2
 - QMetaTypeIdQObject
 - QMimeData::QPrivateSignal
 - QMouseEventTransition::QPrivateSignal
 - QMovie::QPrivateSignal
 - QMultiHash
 - QMutableHashIterator
 - QMutableLinkedListIterator
 - QMutableListIterator
 - QMutableMapIterator
 - QMutableSetIterator
 - QMutableVectorIterator
 - QNoDebug
 - QNonConstOverload
 - QObject::QPrivateSignal
 - QObjectCleanupHandler
 - QObjectData
 - QObjectUserData
 - QOffscreenSurface::QPrivateSignal
 - QOpenGLContext::QPrivateSignal
 - QOpenGLContextGroup::QPrivateSignal
 - QOpenGLDebugLogger::QPrivateSignal
 - QOpenGLExtraFunctionsPrivate
 - QOpenGLFunctionsPrivate
 - QOpenGLFunctions_1_0_CoreBackend
 - QOpenGLFunctions_1_0_DeprecatedBackend
 - QOpenGLFunctions_1_1_CoreBackend
 - QOpenGLFunctions_1_1_DeprecatedBackend
 - QOpenGLFunctions_1_2_CoreBackend
 - QOpenGLFunctions_1_2_DeprecatedBackend
 - QOpenGLFunctions_1_3_CoreBackend
 - QOpenGLFunctions_1_3_DeprecatedBackend
 - QOpenGLFunctions_1_4_CoreBackend
 - QOpenGLFunctions_1_4_DeprecatedBackend
 - QOpenGLFunctions_1_5_CoreBackend
 - QOpenGLFunctions_2_0_CoreBackend
 - QOpenGLFunctions_2_0_DeprecatedBackend
 - QOpenGLFunctions_2_1_CoreBackend
 - QOpenGLFunctions_3_0_CoreBackend
 - QOpenGLFunctions_3_0_DeprecatedBackend
 - QOpenGLFunctions_3_1_CoreBackend
 - QOpenGLFunctions_3_2_CoreBackend
 - QOpenGLFunctions_3_3_CoreBackend
 - QOpenGLFunctions_3_3_DeprecatedBackend
 - QOpenGLFunctions_4_0_CoreBackend
 - QOpenGLFunctions_4_1_CoreBackend
 - QOpenGLFunctions_4_2_CoreBackend
 - QOpenGLFunctions_4_3_CoreBackend
 - QOpenGLFunctions_4_4_CoreBackend
 - QOpenGLFunctions_4_5_CoreBackend
 - QOpenGLFunctions_4_5_DeprecatedBackend
 - QOpenGLPaintDevice
 - QOpenGLShader::QPrivateSignal
 - QOpenGLShaderProgram::QPrivateSignal
 - QOpenGLTimeMonitor::QPrivateSignal
 - QOpenGLTimerQuery::QPrivateSignal
 - QOpenGLVersionFunctionsBackend
 - QOpenGLVersionFunctionsStorage
 - QOpenGLVersionStatus
 - QOpenGLVertexArrayObject::QPrivateSignal
 - QOpenGLWidget::QPrivateSignal
 - QOpenGLWindow::QPrivateSignal
 - QOverload
 - QPaintDeviceWindow::QPrivateSignal
 - QPalette::
 - QPalette::Data
 - QPanGesture::QPrivateSignal
 - QParallelAnimationGroup::QPrivateSignal
 - QPauseAnimation::QPrivateSignal
 - QPdfWriter::QPrivateSignal
 - QPictureFormatPlugin
 - QPinchGesture::QPrivateSignal
 - QPlainTextDocumentLayout::QPrivateSignal
 - QPlainTextEdit::QPrivateSignal
 - QPlatformSurfaceEvent
 - QPluginLoader::QPrivateSignal
 - QPointer
 - QProcess::QPrivateSignal
 - QProgressBar::QPrivateSignal
 - QProgressDialog::QPrivateSignal
 - QPropertyAnimation::QPrivateSignal
 - QProxyStyle::QPrivateSignal
 - QPushButton::QPrivateSignal
 - QRadioButton::QPrivateSignal
 - QRandomGenerator::Storage
 - QRasterWindow::QPrivateSignal
 - QRegExpValidator::QPrivateSignal
 - QRegion::QRegionData
 - QRegularExpressionValidator::QPrivateSignal
 - QReturnArgument
 - QRgba64
 - QRubberBand::QPrivateSignal
 - QSaveFile::QPrivateSignal
 - QScopeGuard
 - QScopedArrayPointer
 - QScopedPointer
 - QScopedPointerArrayDeleter
 - QScopedPointerDeleter
 - QScopedPointerObjectDeleteLater
 - QScopedPointerPodDeleter
 - QScopedValueRollback
 - QScreen::QPrivateSignal
 - QScreenOrientationChangeEvent
 - QScrollArea::QPrivateSignal
 - QScrollBar::QPrivateSignal
 - QScroller::QPrivateSignal
 - QSemaphore::
 - QSequentialAnimationGroup::QPrivateSignal
 - QSequentialIterable
 - QSessionManager::QPrivateSignal
 - QSet::const_iterator
 - QSet::iterator
 - QSetIterator
 - QSettings::QPrivateSignal
 - QSharedData
 - QSharedDataPointer
 - QSharedMemory
 - QSharedPointer
 - QShortcut::QPrivateSignal
 - QSignalMapper::QPrivateSignal
 - QSignalTransition::QPrivateSignal
 - QSizeGrip::QPrivateSignal
 - QSizePolicy::
 - QSizePolicy::Bits
 - QSlider::QPrivateSignal
 - QSocketNotifier::QPrivateSignal
 - QSortFilterProxyModel::QPrivateSignal
 - QSpecialInteger
 - QSpinBox::QPrivateSignal
 - QSplashScreen::QPrivateSignal
 - QSplitter::QPrivateSignal
 - QSplitterHandle::QPrivateSignal
 - QStackedLayout::QPrivateSignal
 - QStackedWidget::QPrivateSignal
 - QStandardItemEditorCreator
 - QStandardItemModel::QPrivateSignal
 - QState::QPrivateSignal
 - QStateMachine::QPrivateSignal
 - QStaticArrayData
 - QStaticByteArrayData
 - QStaticByteArrayMatcher
 - QStaticByteArrayMatcherBase
 - QStaticPlugin
 - QStaticStringData
 - QStatusBar::QPrivateSignal
 - QStringBuilder
 - QStringBuilderBase
 - QStringBuilderCommon
 - QStringDataPtr
 - QStringListModel::QPrivateSignal
 - QStringMatcher
 - QStringView
 - QStyle::QPrivateSignal
 - QStyleHints::QPrivateSignal
 - QStyleOptionTabV4
 - QStylePlugin
 - QStyledItemDelegate::QPrivateSignal
 - QSwipeGesture::QPrivateSignal
 - QSyntaxHighlighter::QPrivateSignal
 - QSystemTrayIcon::QPrivateSignal
 - QTabBar::QPrivateSignal
 - QTabWidget::QPrivateSignal
 - QTableView::QPrivateSignal
 - QTableWidget::QPrivateSignal
 - QTapAndHoldGesture::QPrivateSignal
 - QTapGesture::QPrivateSignal
 - QTemporaryFile::QPrivateSignal
 - QTextBlockGroup::QPrivateSignal
 - QTextBrowser::QPrivateSignal
 - QTextDocument::QPrivateSignal
 - QTextEdit::QPrivateSignal
 - QTextFrame::QPrivateSignal
 - QTextFrameLayoutData
 - QTextList::QPrivateSignal
 - QTextObject::QPrivateSignal
 - QTextTable::QPrivateSignal
 - QThread::QPrivateSignal
 - QThreadPool::QPrivateSignal
 - QThreadStorage
 - QThreadStorageData
 - QTimeEdit::QPrivateSignal
 - QTimeLine::QPrivateSignal
 - QTimer::QPrivateSignal
 - QToolBar::QPrivateSignal
 - QToolBox::QPrivateSignal
 - QToolButton::QPrivateSignal
 - QTranslator::QPrivateSignal
 - QTransposeProxyModel::QPrivateSignal
 - QTreeView::QPrivateSignal
 - QTreeWidget::QPrivateSignal
 - QTypeInfo
 - QTypeInfoMerger
 - QTypeInfoQuery
 - QTypedArrayData
 - QUndoGroup::QPrivateSignal
 - QUndoStack::QPrivateSignal
 - QUndoView::QPrivateSignal
 - QUnhandledException
 - QUrlTwoFlags
 - QVBoxLayout::QPrivateSignal
 - QValidator::QPrivateSignal
 - QVarLengthArray
 - QVariantAnimation::QPrivateSignal
 - QVariantComparisonHelper
 - QVector::AlignmentDummy
 - QVectorIterator
 - QVersionNumber::SegmentStorage
 - QWeakPointer
 - QWidget::QPrivateSignal
 - QWidgetAction::QPrivateSignal
 - QWidgetData
 - QWidgetItemV2
 - QWindow::QPrivateSignal
 - QWizard::QPrivateSignal
 - QWizardPage::QPrivateSignal
 - QXmlStreamStringRef
 - RosPluginlibPluginProvider
 - anonymous struct at /usr/include/stdlib.h:59
 - anonymous struct at /usr/include/stdlib.h:67
 - anonymous struct at /usr/include/stdlib.h:77
 - drand48_data
 - qGreater
 - qLess
 - qfloat16
 - qt_gui_cpp::Plugin::QPrivateSignal
 - qt_gui_cpp::PluginBridge::QPrivateSignal
 - qt_gui_cpp::PluginContext::QPrivateSignal
 - random_data
************************************************************************

************************************************************************
Generation disabled by type system
 - QAlgorithmsPrivate
 - QDrawBorderPixmap
 - QJsonPrivate
 - QMdi
 - QTextStreamFunctions
 - QtGlobalStatic
 - QtMetaTypePrivate
 - QtPrivate
 - QtSharedPointer
 - QtStringBuilder
 - std
************************************************************************

************************************************************************
Type redefined to not be a class
 - QChar
 - QJsonObject
 - QString
 - QStringList
 - QStringRef
 - QVariant
************************************************************************

************************************************************************
Unmatched argument type
************************************************************************

************************************************************************
Unmatched return type
************************************************************************

************************************************************************
Incompatible API
************************************************************************

************************************************************************
Deprecated
************************************************************************

